[2018-12-17 15:47:41] INFO [main: CodeCraft-2019.py, 21] car_path is config/car.txt
[2018-12-17 15:47:41] INFO [main: CodeCraft-2019.py, 22] road_path is config/road.txt
[2018-12-17 15:47:41] INFO [main: CodeCraft-2019.py, 23] cross_path is config/cross.txt
[2018-12-17 15:47:41] INFO [main: CodeCraft-2019.py, 24] answer_path is config/answer.txt[2019-04-03 19:24:54] INFO [main: CodeCraft-2019.py, 29] car_path is config/car.txt
[2019-04-03 19:24:54] INFO [main: CodeCraft-2019.py, 30] road_path is config/road.txt
[2019-04-03 19:24:54] INFO [main: CodeCraft-2019.py, 31] cross_path is config/cross.txt
[2019-04-03 19:24:54] INFO [main: CodeCraft-2019.py, 32] preset_answer_path is config/presetAnswer.txt
[2019-04-03 19:24:54] INFO [main: CodeCraft-2019.py, 33] answer_path is config/answer.txt
[2019-04-03 19:27:12] INFO [main: CodeCraft-2019.py, 29] car_path is config/car.txt
[2019-04-03 19:27:12] INFO [main: CodeCraft-2019.py, 30] road_path is config/road.txt
[2019-04-03 19:27:12] INFO [main: CodeCraft-2019.py, 31] cross_path is config/cross.txt
[2019-04-03 19:27:12] INFO [main: CodeCraft-2019.py, 32] preset_answer_path is config/presetAnswer.txt
[2019-04-03 19:27:12] INFO [main: CodeCraft-2019.py, 33] answer_path is config/answer.txt
[2019-04-03 19:30:04] INFO [main: CodeCraft-2019.py, 29] car_path is config/car.txt
[2019-04-03 19:30:04] INFO [main: CodeCraft-2019.py, 30] road_path is config/road.txt
[2019-04-03 19:30:04] INFO [main: CodeCraft-2019.py, 31] cross_path is config/cross.txt
[2019-04-03 19:30:04] INFO [main: CodeCraft-2019.py, 32] preset_answer_path is config/presetAnswer.txt
[2019-04-03 19:30:04] INFO [main: CodeCraft-2019.py, 33] answer_path is config/answer.txt
[2019-04-03 19:31:15] INFO [main: CodeCraft-2019.py, 29] car_path is config/car.txt
[2019-04-03 19:31:15] INFO [main: CodeCraft-2019.py, 30] road_path is config/road.txt
[2019-04-03 19:31:15] INFO [main: CodeCraft-2019.py, 31] cross_path is config/cross.txt
[2019-04-03 19:31:15] INFO [main: CodeCraft-2019.py, 32] preset_answer_path is config/presetAnswer.txt
[2019-04-03 19:31:15] INFO [main: CodeCraft-2019.py, 33] answer_path is config/answer.txt
[2019-04-03 19:31:41] INFO [main: CodeCraft-2019.py, 29] car_path is config/car.txt
[2019-04-03 19:31:41] INFO [main: CodeCraft-2019.py, 30] road_path is config/road.txt
[2019-04-03 19:31:41] INFO [main: CodeCraft-2019.py, 31] cross_path is config/cross.txt
[2019-04-03 19:31:41] INFO [main: CodeCraft-2019.py, 32] preset_answer_path is config/presetAnswer.txt
[2019-04-03 19:31:41] INFO [main: CodeCraft-2019.py, 33] answer_path is config/answer.txt
[2019-04-03 19:35:44] INFO [main: CodeCraft-2019.py, 29] car_path is config/car.txt
[2019-04-03 19:35:44] INFO [main: CodeCraft-2019.py, 30] road_path is config/road.txt
[2019-04-03 19:35:44] INFO [main: CodeCraft-2019.py, 31] cross_path is config/cross.txt
[2019-04-03 19:35:44] INFO [main: CodeCraft-2019.py, 32] preset_answer_path is config/presetAnswer.txt
[2019-04-03 19:35:44] INFO [main: CodeCraft-2019.py, 33] answer_path is config/answer.txt
[2019-04-03 19:36:10] INFO [main: CodeCraft-2019.py, 29] car_path is config/car.txt
[2019-04-03 19:36:10] INFO [main: CodeCraft-2019.py, 30] road_path is config/road.txt
[2019-04-03 19:36:10] INFO [main: CodeCraft-2019.py, 31] cross_path is config/cross.txt
[2019-04-03 19:36:10] INFO [main: CodeCraft-2019.py, 32] preset_answer_path is config/presetAnswer.txt
[2019-04-03 19:36:10] INFO [main: CodeCraft-2019.py, 33] answer_path is config/answer.txt
[2019-04-03 19:36:10] INFO [main: CodeCraft-2019.py, 29] car_path is config/car.txt
[2019-04-03 19:36:10] INFO [main: CodeCraft-2019.py, 30] road_path is config/road.txt
[2019-04-03 19:36:10] INFO [main: CodeCraft-2019.py, 31] cross_path is config/cross.txt
[2019-04-03 19:36:10] INFO [main: CodeCraft-2019.py, 32] preset_answer_path is config/presetAnswer.txt
[2019-04-03 19:36:10] INFO [main: CodeCraft-2019.py, 33] answer_path is config/answer.txt
[2019-04-03 19:39:39] INFO [main: CodeCraft-2019.py, 29] car_path is config/car.txt
[2019-04-03 19:39:39] INFO [main: CodeCraft-2019.py, 30] road_path is config/road.txt
[2019-04-03 19:39:39] INFO [main: CodeCraft-2019.py, 31] cross_path is config/cross.txt
[2019-04-03 19:39:39] INFO [main: CodeCraft-2019.py, 32] preset_answer_path is config/presetAnswer.txt
[2019-04-03 19:39:39] INFO [main: CodeCraft-2019.py, 33] answer_path is config/answer.txt
[2019-04-03 19:39:39] INFO [main: CodeCraft-2019.py, 29] car_path is config/car.txt
[2019-04-03 19:39:39] INFO [main: CodeCraft-2019.py, 30] road_path is config/road.txt
[2019-04-03 19:39:39] INFO [main: CodeCraft-2019.py, 31] cross_path is config/cross.txt
[2019-04-03 19:39:39] INFO [main: CodeCraft-2019.py, 32] preset_answer_path is config/presetAnswer.txt
[2019-04-03 19:39:39] INFO [main: CodeCraft-2019.py, 33] answer_path is config/answer.txt
[2019-04-03 19:41:00] INFO [main: CodeCraft-2019.py, 29] car_path is config/car.txt
[2019-04-03 19:41:00] INFO [main: CodeCraft-2019.py, 30] road_path is config/road.txt
[2019-04-03 19:41:00] INFO [main: CodeCraft-2019.py, 31] cross_path is config/cross.txt
[2019-04-03 19:41:00] INFO [main: CodeCraft-2019.py, 32] preset_answer_path is config/presetAnswer.txt
[2019-04-03 19:41:00] INFO [main: CodeCraft-2019.py, 33] answer_path is config/answer.txt
[2019-04-03 19:41:22] INFO [main: CodeCraft-2019.py, 29] car_path is config/car.txt
[2019-04-03 19:41:22] INFO [main: CodeCraft-2019.py, 30] road_path is config/road.txt
[2019-04-03 19:41:22] INFO [main: CodeCraft-2019.py, 31] cross_path is config/cross.txt
[2019-04-03 19:41:22] INFO [main: CodeCraft-2019.py, 32] preset_answer_path is config/presetAnswer.txt
[2019-04-03 19:41:22] INFO [main: CodeCraft-2019.py, 33] answer_path is config/answer.txt
[2019-04-03 19:56:16] INFO [main: CodeCraft-2019.py, 29] car_path is config/car.txt
[2019-04-03 19:56:16] INFO [main: CodeCraft-2019.py, 30] road_path is config/road.txt
[2019-04-03 19:56:16] INFO [main: CodeCraft-2019.py, 31] cross_path is config/cross.txt
[2019-04-03 19:56:16] INFO [main: CodeCraft-2019.py, 32] preset_answer_path is config/presetAnswer.txt
[2019-04-03 19:56:16] INFO [main: CodeCraft-2019.py, 33] answer_path is config/answer.txt
[2019-04-03 19:56:45] INFO [main: CodeCraft-2019.py, 29] car_path is config/car.txt
[2019-04-03 19:56:45] INFO [main: CodeCraft-2019.py, 30] road_path is config/road.txt
[2019-04-03 19:56:45] INFO [main: CodeCraft-2019.py, 31] cross_path is config/cross.txt
[2019-04-03 19:56:45] INFO [main: CodeCraft-2019.py, 32] preset_answer_path is config/presetAnswer.txt
[2019-04-03 19:56:45] INFO [main: CodeCraft-2019.py, 33] answer_path is config/answer.txt
[2019-04-03 20:15:08] INFO [main: CodeCraft-2019.py, 29] car_path is config/car.txt
[2019-04-03 20:15:08] INFO [main: CodeCraft-2019.py, 30] road_path is config/road.txt
[2019-04-03 20:15:08] INFO [main: CodeCraft-2019.py, 31] cross_path is config/cross.txt
[2019-04-03 20:15:08] INFO [main: CodeCraft-2019.py, 32] preset_answer_path is config/presetAnswer.txt
[2019-04-03 20:15:08] INFO [main: CodeCraft-2019.py, 33] answer_path is config/answer.txt
[2019-04-03 20:24:15] INFO [main: CodeCraft-2019.py, 29] car_path is config/car.txt
[2019-04-03 20:24:15] INFO [main: CodeCraft-2019.py, 30] road_path is config/road.txt
[2019-04-03 20:24:15] INFO [main: CodeCraft-2019.py, 31] cross_path is config/cross.txt
[2019-04-03 20:24:15] INFO [main: CodeCraft-2019.py, 32] preset_answer_path is config/presetAnswer.txt
[2019-04-03 20:24:15] INFO [main: CodeCraft-2019.py, 33] answer_path is config/answer.txt
[2019-04-03 21:26:01] INFO [main: CodeCraft-2019.py, 30] car_path is config/car.txt
[2019-04-03 21:26:01] INFO [main: CodeCraft-2019.py, 31] road_path is config/road.txt
[2019-04-03 21:26:01] INFO [main: CodeCraft-2019.py, 32] cross_path is config/cross.txt
[2019-04-03 21:26:01] INFO [main: CodeCraft-2019.py, 33] preset_answer_path is config/presetAnswer.txt
[2019-04-03 21:26:01] INFO [main: CodeCraft-2019.py, 34] answer_path is config/answer.txt
[2019-04-03 21:29:24] INFO [main: CodeCraft-2019.py, 30] car_path is config/car.txt
[2019-04-03 21:29:24] INFO [main: CodeCraft-2019.py, 31] road_path is config/road.txt
[2019-04-03 21:29:24] INFO [main: CodeCraft-2019.py, 32] cross_path is config/cross.txt
[2019-04-03 21:29:24] INFO [main: CodeCraft-2019.py, 33] preset_answer_path is config/presetAnswer.txt
[2019-04-03 21:29:24] INFO [main: CodeCraft-2019.py, 34] answer_path is config/answer.txt
[2019-04-03 21:47:36] INFO [main: CodeCraft-2019.py, 30] car_path is config/car.txt
[2019-04-03 21:47:36] INFO [main: CodeCraft-2019.py, 31] road_path is config/road.txt
[2019-04-03 21:47:36] INFO [main: CodeCraft-2019.py, 32] cross_path is config/cross.txt
[2019-04-03 21:47:36] INFO [main: CodeCraft-2019.py, 33] preset_answer_path is config/presetAnswer.txt
[2019-04-03 21:47:36] INFO [main: CodeCraft-2019.py, 34] answer_path is config/answer.txt
[2019-04-03 22:06:41] INFO [main: CodeCraft-2019.py, 30] car_path is config/car.txt
[2019-04-03 22:06:41] INFO [main: CodeCraft-2019.py, 31] road_path is config/road.txt
[2019-04-03 22:06:41] INFO [main: CodeCraft-2019.py, 32] cross_path is config/cross.txt
[2019-04-03 22:06:41] INFO [main: CodeCraft-2019.py, 33] preset_answer_path is config/presetAnswer.txt
[2019-04-03 22:06:41] INFO [main: CodeCraft-2019.py, 34] answer_path is config/answer.txt
[2019-04-03 22:15:14] INFO [main: CodeCraft-2019.py, 30] car_path is config/car.txt
[2019-04-03 22:15:14] INFO [main: CodeCraft-2019.py, 31] road_path is config/road.txt
[2019-04-03 22:15:14] INFO [main: CodeCraft-2019.py, 32] cross_path is config/cross.txt
[2019-04-03 22:15:14] INFO [main: CodeCraft-2019.py, 33] preset_answer_path is config/presetAnswer.txt
[2019-04-03 22:15:14] INFO [main: CodeCraft-2019.py, 34] answer_path is config/answer.txt
[2019-04-03 22:25:06] INFO [main: CodeCraft-2019.py, 30] car_path is config/car.txt
[2019-04-03 22:25:06] INFO [main: CodeCraft-2019.py, 31] road_path is config/road.txt
[2019-04-03 22:25:06] INFO [main: CodeCraft-2019.py, 32] cross_path is config/cross.txt
[2019-04-03 22:25:06] INFO [main: CodeCraft-2019.py, 33] preset_answer_path is config/presetAnswer.txt
[2019-04-03 22:25:06] INFO [main: CodeCraft-2019.py, 34] answer_path is config/answer.txt
[2019-04-03 22:37:42] INFO [main: CodeCraft-2019.py, 30] car_path is config/car.txt
[2019-04-03 22:37:42] INFO [main: CodeCraft-2019.py, 31] road_path is config/road.txt
[2019-04-03 22:37:42] INFO [main: CodeCraft-2019.py, 32] cross_path is config/cross.txt
[2019-04-03 22:37:42] INFO [main: CodeCraft-2019.py, 33] preset_answer_path is config/presetAnswer.txt
[2019-04-03 22:37:42] INFO [main: CodeCraft-2019.py, 34] answer_path is config/answer.txt
[2019-04-03 22:39:00] INFO [main: CodeCraft-2019.py, 30] car_path is config/car.txt
[2019-04-03 22:39:00] INFO [main: CodeCraft-2019.py, 31] road_path is config/road.txt
[2019-04-03 22:39:00] INFO [main: CodeCraft-2019.py, 32] cross_path is config/cross.txt
[2019-04-03 22:39:00] INFO [main: CodeCraft-2019.py, 33] preset_answer_path is config/presetAnswer.txt
[2019-04-03 22:39:00] INFO [main: CodeCraft-2019.py, 34] answer_path is config/answer.txt
[2019-04-03 22:41:17] INFO [main: CodeCraft-2019.py, 30] car_path is config/car.txt
[2019-04-03 22:41:17] INFO [main: CodeCraft-2019.py, 31] road_path is config/road.txt
[2019-04-03 22:41:17] INFO [main: CodeCraft-2019.py, 32] cross_path is config/cross.txt
[2019-04-03 22:41:17] INFO [main: CodeCraft-2019.py, 33] preset_answer_path is config/presetAnswer.txt
[2019-04-03 22:41:17] INFO [main: CodeCraft-2019.py, 34] answer_path is config/answer.txt
[2019-04-04 19:38:28] INFO [main: CodeCraft-2019.py, 30] car_path is config/car.txt
[2019-04-04 19:38:28] INFO [main: CodeCraft-2019.py, 31] road_path is config/road.txt
[2019-04-04 19:38:28] INFO [main: CodeCraft-2019.py, 32] cross_path is config/cross.txt
[2019-04-04 19:38:28] INFO [main: CodeCraft-2019.py, 33] preset_answer_path is config/presetAnswer.txt
[2019-04-04 19:38:28] INFO [main: CodeCraft-2019.py, 34] answer_path is config/answer.txt
[2019-04-04 20:05:28] INFO [main: CodeCraft-2019.py, 30] car_path is config/car.txt
[2019-04-04 20:05:28] INFO [main: CodeCraft-2019.py, 31] road_path is config/road.txt
[2019-04-04 20:05:28] INFO [main: CodeCraft-2019.py, 32] cross_path is config/cross.txt
[2019-04-04 20:05:28] INFO [main: CodeCraft-2019.py, 33] preset_answer_path is config/presetAnswer.txt
[2019-04-04 20:05:28] INFO [main: CodeCraft-2019.py, 34] answer_path is config/answer.txt
[2019-04-08 17:22:11] INFO [main: CodeCraft-2019.py, 30] car_path is config/car.txt
[2019-04-08 17:22:11] INFO [main: CodeCraft-2019.py, 31] road_path is config/road.txt
[2019-04-08 17:22:11] INFO [main: CodeCraft-2019.py, 32] cross_path is config/cross.txt
[2019-04-08 17:22:11] INFO [main: CodeCraft-2019.py, 33] preset_answer_path is config/presetAnswer.txt
[2019-04-08 17:22:11] INFO [main: CodeCraft-2019.py, 34] answer_path is config/answer.txt
[2019-04-08 17:26:50] INFO [main: CodeCraft-2019.py, 30] car_path is config/car.txt
[2019-04-08 17:26:50] INFO [main: CodeCraft-2019.py, 31] road_path is config/road.txt
[2019-04-08 17:26:50] INFO [main: CodeCraft-2019.py, 32] cross_path is config/cross.txt
[2019-04-08 17:26:50] INFO [main: CodeCraft-2019.py, 33] preset_answer_path is config/presetAnswer.txt
[2019-04-08 17:26:50] INFO [main: CodeCraft-2019.py, 34] answer_path is config/answer.txt
[2019-04-08 19:23:11] INFO [main: CodeCraft-2019.py, 30] car_path is config/car.txt
[2019-04-08 19:23:11] INFO [main: CodeCraft-2019.py, 31] road_path is config/road.txt
[2019-04-08 19:23:11] INFO [main: CodeCraft-2019.py, 32] cross_path is config/cross.txt
[2019-04-08 19:23:11] INFO [main: CodeCraft-2019.py, 33] preset_answer_path is config/presetAnswer.txt
[2019-04-08 19:23:11] INFO [main: CodeCraft-2019.py, 34] answer_path is config/answer.txt
[2019-04-08 19:38:39] INFO [main: CodeCraft-2019.py, 30] car_path is config/car.txt
[2019-04-08 19:38:39] INFO [main: CodeCraft-2019.py, 31] road_path is config/road.txt
[2019-04-08 19:38:39] INFO [main: CodeCraft-2019.py, 32] cross_path is config/cross.txt
[2019-04-08 19:38:39] INFO [main: CodeCraft-2019.py, 33] preset_answer_path is config/presetAnswer.txt
[2019-04-08 19:38:39] INFO [main: CodeCraft-2019.py, 34] answer_path is config/answer.txt
[2019-04-08 21:02:47] INFO [main: CodeCraft-2019.py, 30] car_path is config/car.txt
[2019-04-08 21:02:47] INFO [main: CodeCraft-2019.py, 31] road_path is config/road.txt
[2019-04-08 21:02:47] INFO [main: CodeCraft-2019.py, 32] cross_path is config/cross.txt
[2019-04-08 21:02:47] INFO [main: CodeCraft-2019.py, 33] preset_answer_path is config/presetAnswer.txt
[2019-04-08 21:02:47] INFO [main: CodeCraft-2019.py, 34] answer_path is config/answer.txt
[2019-04-08 21:19:13] INFO [main: CodeCraft-2019.py, 30] car_path is config/car.txt
[2019-04-08 21:19:13] INFO [main: CodeCraft-2019.py, 31] road_path is config/road.txt
[2019-04-08 21:19:13] INFO [main: CodeCraft-2019.py, 32] cross_path is config/cross.txt
[2019-04-08 21:19:13] INFO [main: CodeCraft-2019.py, 33] preset_answer_path is config/presetAnswer.txt
[2019-04-08 21:19:13] INFO [main: CodeCraft-2019.py, 34] answer_path is config/answer.txt
[2019-04-09 09:10:49] INFO [main: CodeCraft-2019.py, 30] car_path is config/car.txt
[2019-04-09 09:10:49] INFO [main: CodeCraft-2019.py, 31] road_path is config/road.txt
[2019-04-09 09:10:49] INFO [main: CodeCraft-2019.py, 32] cross_path is config/cross.txt
[2019-04-09 09:10:49] INFO [main: CodeCraft-2019.py, 33] preset_answer_path is config/presetAnswer.txt
[2019-04-09 09:10:49] INFO [main: CodeCraft-2019.py, 34] answer_path is config/answer.txt
[2019-04-09 17:28:33] INFO [main: CodeCraft-2019.py, 30] car_path is config/car.txt
[2019-04-09 17:28:33] INFO [main: CodeCraft-2019.py, 31] road_path is config/road.txt
[2019-04-09 17:28:33] INFO [main: CodeCraft-2019.py, 32] cross_path is config/cross.txt
[2019-04-09 17:28:33] INFO [main: CodeCraft-2019.py, 33] preset_answer_path is config/presetAnswer.txt
[2019-04-09 17:28:33] INFO [main: CodeCraft-2019.py, 34] answer_path is config/answer.txt
[2019-04-09 19:36:50] INFO [main: CodeCraft-2019.py, 30] car_path is config/car.txt
[2019-04-09 19:36:50] INFO [main: CodeCraft-2019.py, 31] road_path is config/road.txt
[2019-04-09 19:36:50] INFO [main: CodeCraft-2019.py, 32] cross_path is config/cross.txt
[2019-04-09 19:36:50] INFO [main: CodeCraft-2019.py, 33] preset_answer_path is config/presetAnswer.txt
[2019-04-09 19:36:50] INFO [main: CodeCraft-2019.py, 34] answer_path is config/answer.txt
[2019-04-09 19:47:29] INFO [main: CodeCraft-2019.py, 30] car_path is config/car.txt
[2019-04-09 19:47:29] INFO [main: CodeCraft-2019.py, 31] road_path is config/road.txt
[2019-04-09 19:47:29] INFO [main: CodeCraft-2019.py, 32] cross_path is config/cross.txt
[2019-04-09 19:47:29] INFO [main: CodeCraft-2019.py, 33] preset_answer_path is config/presetAnswer.txt
[2019-04-09 19:47:29] INFO [main: CodeCraft-2019.py, 34] answer_path is config/answer.txt
[2019-04-09 19:55:50] INFO [main: CodeCraft-2019.py, 30] car_path is config/car.txt
[2019-04-09 19:55:50] INFO [main: CodeCraft-2019.py, 31] road_path is config/road.txt
[2019-04-09 19:55:50] INFO [main: CodeCraft-2019.py, 32] cross_path is config/cross.txt
[2019-04-09 19:55:50] INFO [main: CodeCraft-2019.py, 33] preset_answer_path is config/presetAnswer.txt
[2019-04-09 19:55:50] INFO [main: CodeCraft-2019.py, 34] answer_path is config/answer.txt
[2019-04-09 20:07:34] INFO [main: CodeCraft-2019.py, 30] car_path is config/car.txt
[2019-04-09 20:07:34] INFO [main: CodeCraft-2019.py, 31] road_path is config/road.txt
[2019-04-09 20:07:34] INFO [main: CodeCraft-2019.py, 32] cross_path is config/cross.txt
[2019-04-09 20:07:34] INFO [main: CodeCraft-2019.py, 33] preset_answer_path is config/presetAnswer.txt
[2019-04-09 20:07:34] INFO [main: CodeCraft-2019.py, 34] answer_path is config/answer.txt
[2019-04-09 20:18:15] INFO [main: CodeCraft-2019.py, 30] car_path is config/car.txt
[2019-04-09 20:18:15] INFO [main: CodeCraft-2019.py, 31] road_path is config/road.txt
[2019-04-09 20:18:15] INFO [main: CodeCraft-2019.py, 32] cross_path is config/cross.txt
[2019-04-09 20:18:15] INFO [main: CodeCraft-2019.py, 33] preset_answer_path is config/presetAnswer.txt
[2019-04-09 20:18:15] INFO [main: CodeCraft-2019.py, 34] answer_path is config/answer.txt
[2019-04-09 20:19:08] INFO [main: CodeCraft-2019.py, 30] car_path is config/car.txt
[2019-04-09 20:19:08] INFO [main: CodeCraft-2019.py, 31] road_path is config/road.txt
[2019-04-09 20:19:08] INFO [main: CodeCraft-2019.py, 32] cross_path is config/cross.txt
[2019-04-09 20:19:08] INFO [main: CodeCraft-2019.py, 33] preset_answer_path is config/presetAnswer.txt
[2019-04-09 20:19:08] INFO [main: CodeCraft-2019.py, 34] answer_path is config/answer.txt
[2019-04-10 10:06:34] INFO [main: CodeCraft-2019.py, 30] car_path is config/car.txt
[2019-04-10 10:06:34] INFO [main: CodeCraft-2019.py, 31] road_path is config/road.txt
[2019-04-10 10:06:34] INFO [main: CodeCraft-2019.py, 32] cross_path is config/cross.txt
[2019-04-10 10:06:34] INFO [main: CodeCraft-2019.py, 33] preset_answer_path is config/presetAnswer.txt
[2019-04-10 10:06:34] INFO [main: CodeCraft-2019.py, 34] answer_path is config/answer.txt
[2019-04-10 10:13:54] INFO [main: CodeCraft-2019.py, 30] car_path is config/car.txt
[2019-04-10 10:13:54] INFO [main: CodeCraft-2019.py, 31] road_path is config/road.txt
[2019-04-10 10:13:54] INFO [main: CodeCraft-2019.py, 32] cross_path is config/cross.txt
[2019-04-10 10:13:54] INFO [main: CodeCraft-2019.py, 33] preset_answer_path is config/presetAnswer.txt
[2019-04-10 10:13:54] INFO [main: CodeCraft-2019.py, 34] answer_path is config/answer.txt
[2019-04-10 10:30:21] INFO [main: CodeCraft-2019.py, 30] car_path is config/car.txt
[2019-04-10 10:30:21] INFO [main: CodeCraft-2019.py, 31] road_path is config/road.txt
[2019-04-10 10:30:21] INFO [main: CodeCraft-2019.py, 32] cross_path is config/cross.txt
[2019-04-10 10:30:21] INFO [main: CodeCraft-2019.py, 33] preset_answer_path is config/presetAnswer.txt
[2019-04-10 10:30:21] INFO [main: CodeCraft-2019.py, 34] answer_path is config/answer.txt
[2019-04-10 10:34:38] INFO [main: CodeCraft-2019.py, 30] car_path is config/car.txt
[2019-04-10 10:34:38] INFO [main: CodeCraft-2019.py, 31] road_path is config/road.txt
[2019-04-10 10:34:38] INFO [main: CodeCraft-2019.py, 32] cross_path is config/cross.txt
[2019-04-10 10:34:38] INFO [main: CodeCraft-2019.py, 33] preset_answer_path is config/presetAnswer.txt
[2019-04-10 10:34:38] INFO [main: CodeCraft-2019.py, 34] answer_path is config/answer.txt
[2019-04-10 10:39:14] INFO [main: CodeCraft-2019.py, 30] car_path is config/car.txt
[2019-04-10 10:39:14] INFO [main: CodeCraft-2019.py, 31] road_path is config/road.txt
[2019-04-10 10:39:14] INFO [main: CodeCraft-2019.py, 32] cross_path is config/cross.txt
[2019-04-10 10:39:14] INFO [main: CodeCraft-2019.py, 33] preset_answer_path is config/presetAnswer.txt
[2019-04-10 10:39:14] INFO [main: CodeCraft-2019.py, 34] answer_path is config/answer.txt
[2019-04-10 11:07:27] INFO [main: CodeCraft-2019.py, 30] car_path is config/car.txt
[2019-04-10 11:07:27] INFO [main: CodeCraft-2019.py, 31] road_path is config/road.txt
[2019-04-10 11:07:27] INFO [main: CodeCraft-2019.py, 32] cross_path is config/cross.txt
[2019-04-10 11:07:27] INFO [main: CodeCraft-2019.py, 33] preset_answer_path is config/presetAnswer.txt
[2019-04-10 11:07:27] INFO [main: CodeCraft-2019.py, 34] answer_path is config/answer.txt
[2019-04-10 11:19:46] INFO [main: CodeCraft-2019.py, 30] car_path is config/car.txt
[2019-04-10 11:19:46] INFO [main: CodeCraft-2019.py, 31] road_path is config/road.txt
[2019-04-10 11:19:46] INFO [main: CodeCraft-2019.py, 32] cross_path is config/cross.txt
[2019-04-10 11:19:46] INFO [main: CodeCraft-2019.py, 33] preset_answer_path is config/presetAnswer.txt
[2019-04-10 11:19:46] INFO [main: CodeCraft-2019.py, 34] answer_path is config/answer.txt
[2019-04-10 11:35:17] INFO [main: CodeCraft-2019.py, 30] car_path is config/car.txt
[2019-04-10 11:35:17] INFO [main: CodeCraft-2019.py, 31] road_path is config/road.txt
[2019-04-10 11:35:17] INFO [main: CodeCraft-2019.py, 32] cross_path is config/cross.txt
[2019-04-10 11:35:17] INFO [main: CodeCraft-2019.py, 33] preset_answer_path is config/presetAnswer.txt
[2019-04-10 11:35:17] INFO [main: CodeCraft-2019.py, 34] answer_path is config/answer.txt
[2019-04-10 15:25:27] INFO [main: CodeCraft-2019.py, 30] car_path is config/car.txt
[2019-04-10 15:25:27] INFO [main: CodeCraft-2019.py, 31] road_path is config/road.txt
[2019-04-10 15:25:27] INFO [main: CodeCraft-2019.py, 32] cross_path is config/cross.txt
[2019-04-10 15:25:27] INFO [main: CodeCraft-2019.py, 33] preset_answer_path is config/presetAnswer.txt
[2019-04-10 15:25:27] INFO [main: CodeCraft-2019.py, 34] answer_path is config/answer.txt
[2019-04-10 15:32:22] INFO [main: CodeCraft-2019.py, 30] car_path is config/car.txt
[2019-04-10 15:32:22] INFO [main: CodeCraft-2019.py, 31] road_path is config/road.txt
[2019-04-10 15:32:22] INFO [main: CodeCraft-2019.py, 32] cross_path is config/cross.txt
[2019-04-10 15:32:22] INFO [main: CodeCraft-2019.py, 33] preset_answer_path is config/presetAnswer.txt
[2019-04-10 15:32:22] INFO [main: CodeCraft-2019.py, 34] answer_path is config/answer.txt
[2019-04-10 15:40:24] INFO [main: CodeCraft-2019.py, 30] car_path is config/car.txt
[2019-04-10 15:40:24] INFO [main: CodeCraft-2019.py, 31] road_path is config/road.txt
[2019-04-10 15:40:24] INFO [main: CodeCraft-2019.py, 32] cross_path is config/cross.txt
[2019-04-10 15:40:24] INFO [main: CodeCraft-2019.py, 33] preset_answer_path is config/presetAnswer.txt
[2019-04-10 15:40:24] INFO [main: CodeCraft-2019.py, 34] answer_path is config/answer.txt
[2019-04-10 17:05:41] INFO [main: CodeCraft-2019.py, 31] car_path is config/car.txt
[2019-04-10 17:05:41] INFO [main: CodeCraft-2019.py, 32] road_path is config/road.txt
[2019-04-10 17:05:41] INFO [main: CodeCraft-2019.py, 33] cross_path is config/cross.txt
[2019-04-10 17:05:41] INFO [main: CodeCraft-2019.py, 34] preset_answer_path is config/presetAnswer.txt
[2019-04-10 17:05:41] INFO [main: CodeCraft-2019.py, 35] answer_path is config/answer.txt
[2019-04-10 17:08:38] INFO [main: CodeCraft-2019.py, 31] car_path is config/car.txt
[2019-04-10 17:08:38] INFO [main: CodeCraft-2019.py, 32] road_path is config/road.txt
[2019-04-10 17:08:38] INFO [main: CodeCraft-2019.py, 33] cross_path is config/cross.txt
[2019-04-10 17:08:38] INFO [main: CodeCraft-2019.py, 34] preset_answer_path is config/presetAnswer.txt
[2019-04-10 17:08:38] INFO [main: CodeCraft-2019.py, 35] answer_path is config/answer.txt
[2019-04-11 19:57:19] INFO [main: CodeCraft-2019.py, 31] car_path is config/car.txt
[2019-04-11 19:57:19] INFO [main: CodeCraft-2019.py, 32] road_path is config/road.txt
[2019-04-11 19:57:19] INFO [main: CodeCraft-2019.py, 33] cross_path is config/cross.txt
[2019-04-11 19:57:19] INFO [main: CodeCraft-2019.py, 34] preset_answer_path is config/presetAnswer.txt
[2019-04-11 19:57:19] INFO [main: CodeCraft-2019.py, 35] answer_path is config/answer.txt
[2019-04-11 20:17:18] INFO [main: CodeCraft-2019.py, 31] car_path is config/car.txt
[2019-04-11 20:17:18] INFO [main: CodeCraft-2019.py, 32] road_path is config/road.txt
[2019-04-11 20:17:18] INFO [main: CodeCraft-2019.py, 33] cross_path is config/cross.txt
[2019-04-11 20:17:18] INFO [main: CodeCraft-2019.py, 34] preset_answer_path is config/presetAnswer.txt
[2019-04-11 20:17:18] INFO [main: CodeCraft-2019.py, 35] answer_path is config/answer.txt
[2019-04-11 20:53:02] INFO [main: CodeCraft-2019.py, 31] car_path is config/car.txt
[2019-04-11 20:53:02] INFO [main: CodeCraft-2019.py, 32] road_path is config/road.txt
[2019-04-11 20:53:02] INFO [main: CodeCraft-2019.py, 33] cross_path is config/cross.txt
[2019-04-11 20:53:02] INFO [main: CodeCraft-2019.py, 34] preset_answer_path is config/presetAnswer.txt
[2019-04-11 20:53:02] INFO [main: CodeCraft-2019.py, 35] answer_path is config/answer.txt
[2019-04-11 21:02:11] INFO [main: CodeCraft-2019.py, 31] car_path is config/car.txt
[2019-04-11 21:02:11] INFO [main: CodeCraft-2019.py, 32] road_path is config/road.txt
[2019-04-11 21:02:11] INFO [main: CodeCraft-2019.py, 33] cross_path is config/cross.txt
[2019-04-11 21:02:11] INFO [main: CodeCraft-2019.py, 34] preset_answer_path is config/presetAnswer.txt
[2019-04-11 21:02:11] INFO [main: CodeCraft-2019.py, 35] answer_path is config/answer.txt
[2019-04-11 21:03:52] INFO [main: CodeCraft-2019.py, 31] car_path is config/car.txt
[2019-04-11 21:03:52] INFO [main: CodeCraft-2019.py, 32] road_path is config/road.txt
[2019-04-11 21:03:52] INFO [main: CodeCraft-2019.py, 33] cross_path is config/cross.txt
[2019-04-11 21:03:52] INFO [main: CodeCraft-2019.py, 34] preset_answer_path is config/presetAnswer.txt
[2019-04-11 21:03:52] INFO [main: CodeCraft-2019.py, 35] answer_path is config/answer.txt
[2019-04-11 21:10:59] INFO [main: CodeCraft-2019.py, 31] car_path is config/car.txt
[2019-04-11 21:10:59] INFO [main: CodeCraft-2019.py, 32] road_path is config/road.txt
[2019-04-11 21:10:59] INFO [main: CodeCraft-2019.py, 33] cross_path is config/cross.txt
[2019-04-11 21:10:59] INFO [main: CodeCraft-2019.py, 34] preset_answer_path is config/presetAnswer.txt
[2019-04-11 21:10:59] INFO [main: CodeCraft-2019.py, 35] answer_path is config/answer.txt
[2019-04-11 21:15:38] INFO [main: CodeCraft-2019.py, 31] car_path is config/car.txt
[2019-04-11 21:15:38] INFO [main: CodeCraft-2019.py, 32] road_path is config/road.txt
[2019-04-11 21:15:38] INFO [main: CodeCraft-2019.py, 33] cross_path is config/cross.txt
[2019-04-11 21:15:38] INFO [main: CodeCraft-2019.py, 34] preset_answer_path is config/presetAnswer.txt
[2019-04-11 21:15:38] INFO [main: CodeCraft-2019.py, 35] answer_path is config/answer.txt
[2019-04-11 21:42:59] INFO [main: CodeCraft-2019.py, 31] car_path is config/car.txt
[2019-04-11 21:42:59] INFO [main: CodeCraft-2019.py, 32] road_path is config/road.txt
[2019-04-11 21:42:59] INFO [main: CodeCraft-2019.py, 33] cross_path is config/cross.txt
[2019-04-11 21:42:59] INFO [main: CodeCraft-2019.py, 34] preset_answer_path is config/presetAnswer.txt
[2019-04-11 21:42:59] INFO [main: CodeCraft-2019.py, 35] answer_path is config/answer.txt
[2019-04-11 21:49:43] INFO [main: CodeCraft-2019.py, 31] car_path is config/car.txt
[2019-04-11 21:49:43] INFO [main: CodeCraft-2019.py, 32] road_path is config/road.txt
[2019-04-11 21:49:43] INFO [main: CodeCraft-2019.py, 33] cross_path is config/cross.txt
[2019-04-11 21:49:43] INFO [main: CodeCraft-2019.py, 34] preset_answer_path is config/presetAnswer.txt
[2019-04-11 21:49:43] INFO [main: CodeCraft-2019.py, 35] answer_path is config/answer.txt
[2019-04-12 15:27:53] INFO [main: CodeCraft-2019.py, 31] car_path is config/car.txt
[2019-04-12 15:27:53] INFO [main: CodeCraft-2019.py, 32] road_path is config/road.txt
[2019-04-12 15:27:53] INFO [main: CodeCraft-2019.py, 33] cross_path is config/cross.txt
[2019-04-12 15:27:53] INFO [main: CodeCraft-2019.py, 34] preset_answer_path is config/presetAnswer.txt
[2019-04-12 15:27:53] INFO [main: CodeCraft-2019.py, 35] answer_path is config/answer.txt
[2019-04-13 13:38:08] INFO [main: CodeCraft-2019.py, 31] car_path is config/car.txt
[2019-04-13 13:38:08] INFO [main: CodeCraft-2019.py, 32] road_path is config/road.txt
[2019-04-13 13:38:08] INFO [main: CodeCraft-2019.py, 33] cross_path is config/cross.txt
[2019-04-13 13:38:08] INFO [main: CodeCraft-2019.py, 34] preset_answer_path is config/presetAnswer.txt
[2019-04-13 13:38:08] INFO [main: CodeCraft-2019.py, 35] answer_path is config/answer.txt
[2019-04-13 14:33:22] INFO [main: CodeCraft-2019.py, 31] car_path is config/car.txt
[2019-04-13 14:33:22] INFO [main: CodeCraft-2019.py, 32] road_path is config/road.txt
[2019-04-13 14:33:22] INFO [main: CodeCraft-2019.py, 33] cross_path is config/cross.txt
[2019-04-13 14:33:22] INFO [main: CodeCraft-2019.py, 34] preset_answer_path is config/presetAnswer.txt
[2019-04-13 14:33:22] INFO [main: CodeCraft-2019.py, 35] answer_path is config/answer.txt
[2019-04-13 14:54:16] INFO [main: CodeCraft-2019.py, 31] car_path is config/car.txt
[2019-04-13 14:54:16] INFO [main: CodeCraft-2019.py, 32] road_path is config/road.txt
[2019-04-13 14:54:16] INFO [main: CodeCraft-2019.py, 33] cross_path is config/cross.txt
[2019-04-13 14:54:16] INFO [main: CodeCraft-2019.py, 34] preset_answer_path is config/presetAnswer.txt
[2019-04-13 14:54:16] INFO [main: CodeCraft-2019.py, 35] answer_path is config/answer.txt
[2019-04-13 15:28:40] INFO [main: CodeCraft-2019.py, 31] car_path is config/car.txt
[2019-04-13 15:28:40] INFO [main: CodeCraft-2019.py, 32] road_path is config/road.txt
[2019-04-13 15:28:40] INFO [main: CodeCraft-2019.py, 33] cross_path is config/cross.txt
[2019-04-13 15:28:40] INFO [main: CodeCraft-2019.py, 34] preset_answer_path is config/presetAnswer.txt
[2019-04-13 15:28:40] INFO [main: CodeCraft-2019.py, 35] answer_path is config/answer.txt
[2019-04-13 15:31:05] INFO [main: CodeCraft-2019.py, 31] car_path is config/car.txt
[2019-04-13 15:31:05] INFO [main: CodeCraft-2019.py, 32] road_path is config/road.txt
[2019-04-13 15:31:05] INFO [main: CodeCraft-2019.py, 33] cross_path is config/cross.txt
[2019-04-13 15:31:05] INFO [main: CodeCraft-2019.py, 34] preset_answer_path is config/presetAnswer.txt
[2019-04-13 15:31:05] INFO [main: CodeCraft-2019.py, 35] answer_path is config/answer.txt
[2019-04-13 15:49:54] INFO [main: CodeCraft-2019.py, 31] car_path is config/car.txt
[2019-04-13 15:49:54] INFO [main: CodeCraft-2019.py, 32] road_path is config/road.txt
[2019-04-13 15:49:54] INFO [main: CodeCraft-2019.py, 33] cross_path is config/cross.txt
[2019-04-13 15:49:54] INFO [main: CodeCraft-2019.py, 34] preset_answer_path is config/presetAnswer.txt
[2019-04-13 15:49:54] INFO [main: CodeCraft-2019.py, 35] answer_path is config/answer.txt
[2019-04-13 15:56:39] INFO [main: CodeCraft-2019.py, 31] car_path is config/car.txt
[2019-04-13 15:56:39] INFO [main: CodeCraft-2019.py, 32] road_path is config/road.txt
[2019-04-13 15:56:39] INFO [main: CodeCraft-2019.py, 33] cross_path is config/cross.txt
[2019-04-13 15:56:39] INFO [main: CodeCraft-2019.py, 34] preset_answer_path is config/presetAnswer.txt
[2019-04-13 15:56:39] INFO [main: CodeCraft-2019.py, 35] answer_path is config/answer.txt
[2019-04-13 16:06:05] INFO [main: CodeCraft-2019.py, 31] car_path is config/car.txt
[2019-04-13 16:06:05] INFO [main: CodeCraft-2019.py, 32] road_path is config/road.txt
[2019-04-13 16:06:05] INFO [main: CodeCraft-2019.py, 33] cross_path is config/cross.txt
[2019-04-13 16:06:05] INFO [main: CodeCraft-2019.py, 34] preset_answer_path is config/presetAnswer.txt
[2019-04-13 16:06:05] INFO [main: CodeCraft-2019.py, 35] answer_path is config/answer.txt
[2019-04-13 16:15:54] INFO [main: CodeCraft-2019.py, 31] car_path is config/car.txt
[2019-04-13 16:15:54] INFO [main: CodeCraft-2019.py, 32] road_path is config/road.txt
[2019-04-13 16:15:54] INFO [main: CodeCraft-2019.py, 33] cross_path is config/cross.txt
[2019-04-13 16:15:54] INFO [main: CodeCraft-2019.py, 34] preset_answer_path is config/presetAnswer.txt
[2019-04-13 16:15:54] INFO [main: CodeCraft-2019.py, 35] answer_path is config/answer.txt
